2020-10-30T05:42:02+00:00 DEBUG 
====Stripe Version: 4.5.3====
====Start Log====
Error: Unable to verify domain - missing secret key.
====End Log====


2020-10-30T05:42:56+00:00 DEBUG 
====Stripe Version: 4.5.3====
====Start Log====
Error: Unable to verify domain - missing secret key.
====End Log====


2020-10-30T05:48:17+00:00 DEBUG 
====Stripe Version: 4.5.3====
====Start Log====
Error: Unable to verify domain - missing secret key.
====End Log====


2020-10-30T05:50:56+00:00 DEBUG 
====Stripe Version: 4.5.3====
====Start Log====
Error: Unable to verify domain - missing secret key.
====End Log====


